<?xml version="1.0" encoding="UTF-8"?>
<!-- Generated by org.testng.reporters.JUnitXMLReporter -->
<testsuite ignored="0" hostname="LAPTOP-9BI5PNMM" failures="1" tests="3" name="Search and Buy Test" time="0.037" errors="0" timestamp="2021-07-04T22:22:24 EDT">
  <testcase classname="TestCases.SearchAndBuyItem" name="searchItem" time="0.003"/>
  <testcase classname="TestCases.SearchAndBuyItem" name="selectItem" time="0.004">
    <failure type="java.lang.AssertionError" message="null">
      <![CDATA[java.lang.AssertionError: null
at TestCases.SearchAndBuyItem.selectItem(SearchAndBuyItem.java:29)
at java.base/java.util.ArrayList.forEach(ArrayList.java:1511)
... Removed 29 stack frames]]>
    </failure>
  </testcase> <!-- selectItem -->
  <testcase classname="TestCases.SearchAndBuyItem" name="checkoutItem" time="0.0">
    <skipped/>
  </testcase> <!-- checkoutItem -->
</testsuite> <!-- Search and Buy Test -->
