<?xml version="1.0" encoding="UTF-8"?>
<!-- Generated by org.testng.reporters.JUnitXMLReporter -->
<testsuite ignored="0" hostname="LAPTOP-9BI5PNMM" failures="1" tests="1" name="Validation Test" time="0.012" errors="0" timestamp="2021-07-04T22:22:24 EDT">
  <testcase classname="TestCases.Validation" name="validate" time="0.007">
    <failure type="java.lang.AssertionError" message="The following asserts failed:
	expected [XYZ] but found [ABC],
	 First Number not greater than 10 did not expect to find [true] but found [false],
	Some 404 Error">
      <![CDATA[java.lang.AssertionError: The following asserts failed:
expected [XYZ] but found [ABC],
 First Number not greater than 10 did not expect to find [true] but found [false],
Some 404 Error
at TestCases.Validation.validate(Validation.java:23)
at java.base/java.util.ArrayList.forEach(ArrayList.java:1511)
... Removed 29 stack frames]]>
    </failure>
  </testcase> <!-- validate -->
</testsuite> <!-- Validation Test -->
